0 info it worked if it ends with ok
1 verbose cli [ 'C:\\Program Files\\nodejs\\node.exe',
1 verbose cli   'C:\\Program Files\\nodejs\\node_modules\\npm\\bin\\npm-cli.js',
1 verbose cli   'start' ]
2 info using npm@4.0.5
3 info using node@v7.4.0
4 verbose run-script [ 'prestart', 'start', 'poststart' ]
5 info lifecycle wine-cellar-starter@1.0.0~prestart: wine-cellar-starter@1.0.0
6 silly lifecycle wine-cellar-starter@1.0.0~prestart: no script for prestart, continuing
7 info lifecycle wine-cellar-starter@1.0.0~start: wine-cellar-starter@1.0.0
8 verbose lifecycle wine-cellar-starter@1.0.0~start: unsafe-perm in lifecycle true
9 verbose lifecycle wine-cellar-starter@1.0.0~start: PATH: C:\Program Files\nodejs\node_modules\npm\bin\node-gyp-bin;C:\Users\lizza\OneDrive\Documents\GitHub\projects\wine-cellar-starter\node_modules\.bin;C:\Users\lizza\AppData\Local\GitHub\PortableGit_d7effa1a4a322478cd29c826b52a0c118ad3db11\cmd;C:\Users\lizza\AppData\Local\GitHub\PortableGit_d7effa1a4a322478cd29c826b52a0c118ad3db11\usr\bin;C:\Users\lizza\AppData\Local\GitHub\PortableGit_d7effa1a4a322478cd29c826b52a0c118ad3db11\usr\share\git-tfs;C:\Users\lizza\AppData\Local\Apps\2.0\JNX34LKW.NO0\740BGY8X.MAA\gith..tion_317444273a93ac29_0003.0003_665ccbdbd3c2d8d4;C:\Users\lizza\AppData\Local\GitHub\lfs-amd64_1.3.1;C:\Windows\system32;C:\Windows;C:\Windows\System32\Wbem;C:\Windows\System32\WindowsPowerShell\v1.0\;C:\Program Files\nodejs\;C:\Users\lizza\AppData\Local\Microsoft\WindowsApps;C:\Users\lizza\AppData\Local\atom\bin;C:\Users\lizza\AppData\Roaming\npm;C:\Windows\Microsoft.NET\Framework\v4.0.30319\
10 verbose lifecycle wine-cellar-starter@1.0.0~start: CWD: C:\Users\lizza\OneDrive\Documents\GitHub\projects\wine-cellar-starter
11 silly lifecycle wine-cellar-starter@1.0.0~start: Args: [ '/d /s /c', 'nodejs controller.js' ]
12 silly lifecycle wine-cellar-starter@1.0.0~start: Returned: code: 1  signal: null
13 info lifecycle wine-cellar-starter@1.0.0~start: Failed to exec start script
14 verbose stack Error: wine-cellar-starter@1.0.0 start: `nodejs controller.js`
14 verbose stack Exit status 1
14 verbose stack     at EventEmitter.<anonymous> (C:\Program Files\nodejs\node_modules\npm\lib\utils\lifecycle.js:279:16)
14 verbose stack     at emitTwo (events.js:106:13)
14 verbose stack     at EventEmitter.emit (events.js:191:7)
14 verbose stack     at ChildProcess.<anonymous> (C:\Program Files\nodejs\node_modules\npm\lib\utils\spawn.js:40:14)
14 verbose stack     at emitTwo (events.js:106:13)
14 verbose stack     at ChildProcess.emit (events.js:191:7)
14 verbose stack     at maybeClose (internal/child_process.js:885:16)
14 verbose stack     at Process.ChildProcess._handle.onexit (internal/child_process.js:226:5)
15 verbose pkgid wine-cellar-starter@1.0.0
16 verbose cwd C:\Users\lizza\OneDrive\Documents\GitHub\projects\wine-cellar-starter
17 error Windows_NT 10.0.14393
18 error argv "C:\\Program Files\\nodejs\\node.exe" "C:\\Program Files\\nodejs\\node_modules\\npm\\bin\\npm-cli.js" "start"
19 error node v7.4.0
20 error npm  v4.0.5
21 error code ELIFECYCLE
22 error wine-cellar-starter@1.0.0 start: `nodejs controller.js`
22 error Exit status 1
23 error Failed at the wine-cellar-starter@1.0.0 start script 'nodejs controller.js'.
23 error Make sure you have the latest version of node.js and npm installed.
23 error If you do, this is most likely a problem with the wine-cellar-starter package,
23 error not with npm itself.
23 error Tell the author that this fails on your system:
23 error     nodejs controller.js
23 error You can get information on how to open an issue for this project with:
23 error     npm bugs wine-cellar-starter
23 error Or if that isn't available, you can get their info via:
23 error     npm owner ls wine-cellar-starter
23 error There is likely additional logging output above.
24 verbose exit [ 1, true ]
